Build started 10/31/2017 12:24:12 PM.
     1>Project "C:\Users\lubo\documents\visual studio 2010\Projects\graoLib\graoLib\graoLib.vcxproj" on node 2 (rebuild target(s)).
     1>_PrepareForClean:
         Deleting file "Release\graoLib.lastbuildstate".
       InitializeBuildStatus:
         Creating "Release\graoLib.unsuccessfulbuild" because "AlwaysCreate" was specified.
       ClCompile:
         C:\Program Files (x86)\Microsoft Visual Studio 10.0\VC\bin\CL.exe /c /Zi /nologo /W3 /WX- /O2 /Oi /Oy- /GL /D WIN32 /D NDEBUG /D _WINDOWS /D _USRDLL /D GRAOLIB_EXPORTS /D _WINDLL /D _UNICODE /D UNICODE /Gm- /EHsc /MD /GS /Gy /fp:precise /Zc:wchar_t /Zc:forScope /Yc"StdAfx.h" /Fp"Release\graoLib.pch" /Fo"Release\\" /Fd"Release\vc100.pdb" /Gd /TP /analyze- /errorReport:prompt stdafx.cpp
         stdafx.cpp
         C:\Program Files (x86)\Microsoft Visual Studio 10.0\VC\bin\CL.exe /c /Zi /nologo /W3 /WX- /O2 /Oi /Oy- /GL /D WIN32 /D NDEBUG /D _WINDOWS /D _USRDLL /D GRAOLIB_EXPORTS /D _WINDLL /D _UNICODE /D UNICODE /Gm- /EHsc /MD /GS /Gy /fp:precise /Zc:wchar_t /Zc:forScope /Fo"Release\\" /Fd"Release\vc100.pdb" /Gd /TP /analyze- /errorReport:prompt dllmain.cpp
         dllmain.cpp
         C:\Program Files (x86)\Microsoft Visual Studio 10.0\VC\bin\CL.exe /c /Zi /nologo /W3 /WX- /O2 /Oi /Oy- /GL /D WIN32 /D NDEBUG /D _WINDOWS /D _USRDLL /D GRAOLIB_EXPORTS /D _WINDLL /D _UNICODE /D UNICODE /Gm- /EHsc /MD /GS /Gy /fp:precise /Zc:wchar_t /Zc:forScope /Yu"StdAfx.h" /Fp"Release\graoLib.pch" /Fo"Release\\" /Fd"Release\vc100.pdb" /Gd /TP /analyze- /errorReport:prompt GraoImpl.cpp graoLib.cpp
         GraoImpl.cpp
     1>GraoImpl.cpp(176): warning C4996: 'freopen': This function or variable may be unsafe. Consider using freopen_s instead. To disable deprecation, use _CRT_SECURE_NO_WARNINGS. See online help for details.
                 C:\Program Files (x86)\Microsoft Visual Studio 10.0\VC\include\stdio.h(249) : see declaration of 'freopen'
     1>GraoImpl.cpp(471): warning C4996: '_ltow': This function or variable may be unsafe. Consider using _ltow_s instead. To disable deprecation, use _CRT_SECURE_NO_WARNINGS. See online help for details.
                 C:\Program Files (x86)\Microsoft Visual Studio 10.0\VC\include\stdlib.h(648) : see declaration of '_ltow'
         graoLib.cpp
       Link:
         C:\Program Files (x86)\Microsoft Visual Studio 10.0\VC\bin\link.exe /ERRORREPORT:PROMPT /OUT:"C:\Users\lubo\documents\visual studio 2010\Projects\graoLib\Release\graoLib.dll" /INCREMENTAL:NO /NOLOGO kernel32.lib user32.lib gdi32.lib winspool.lib comdlg32.lib advapi32.lib shell32.lib ole32.lib oleaut32.lib uuid.lib odbc32.lib odbccp32.lib /DEF:"def.def" /MANIFEST /ManifestFile:"Release\graoLib.dll.intermediate.manifest" /MANIFESTUAC:"level='asInvoker' uiAccess='false'" /DEBUG /PDB:"C:\Users\lubo\documents\visual studio 2010\Projects\graoLib\Release\graoLib.pdb" /SUBSYSTEM:WINDOWS /OPT:REF /OPT:ICF /LTCG /TLBID:1 /DYNAMICBASE /NXCOMPAT /IMPLIB:"C:\Users\lubo\documents\visual studio 2010\Projects\graoLib\Release\graoLib.lib" /MACHINE:X86 /DLL Release\dllmain.obj
         Release\GraoImpl.obj
         Release\graoLib.obj
         Release\stdafx.obj
            Creating library C:\Users\lubo\documents\visual studio 2010\Projects\graoLib\Release\graoLib.lib and object C:\Users\lubo\documents\visual studio 2010\Projects\graoLib\Release\graoLib.exp
         Generating code
         Finished generating code
         graoLib.vcxproj -> C:\Users\lubo\documents\visual studio 2010\Projects\graoLib\Release\graoLib.dll
       Manifest:
         C:\Program Files (x86)\Microsoft SDKs\Windows\v7.0A\bin\mt.exe /nologo /verbose /outputresource:"C:\Users\lubo\documents\visual studio 2010\Projects\graoLib\Release\graoLib.dll;#2" /manifest Release\graoLib.dll.intermediate.manifest
       FinalizeBuildStatus:
         Deleting file "Release\graoLib.unsuccessfulbuild".
         Touching "Release\graoLib.lastbuildstate".
     1>Done Building Project "C:\Users\lubo\documents\visual studio 2010\Projects\graoLib\graoLib\graoLib.vcxproj" (rebuild target(s)).

Build succeeded.

Time Elapsed 00:00:04.09
