C:\Users\lubo\documents\visual studio 2010\Projects\graoLib\graoLib\Release\cl.command.1.tlog
C:\Users\lubo\documents\visual studio 2010\Projects\graoLib\graoLib\Release\CL.read.1.tlog
C:\Users\lubo\documents\visual studio 2010\Projects\graoLib\graoLib\Release\CL.write.1.tlog
C:\USERS\LUBO\DOCUMENTS\VISUAL STUDIO 2010\PROJECTS\GRAOLIB\GRAOLIB\RELEASE\DLLMAIN.OBJ
C:\USERS\LUBO\DOCUMENTS\VISUAL STUDIO 2010\PROJECTS\GRAOLIB\GRAOLIB\RELEASE\GRAOIMPL.OBJ
C:\USERS\LUBO\DOCUMENTS\VISUAL STUDIO 2010\PROJECTS\GRAOLIB\GRAOLIB\RELEASE\GRAOLIB.DLL.INTERMEDIATE.MANIFEST
C:\USERS\LUBO\DOCUMENTS\VISUAL STUDIO 2010\PROJECTS\GRAOLIB\GRAOLIB\RELEASE\GRAOLIB.OBJ
C:\USERS\LUBO\DOCUMENTS\VISUAL STUDIO 2010\PROJECTS\GRAOLIB\GRAOLIB\RELEASE\GRAOLIB.PCH
C:\Users\lubo\documents\visual studio 2010\Projects\graoLib\graoLib\Release\graoLib.write.1.tlog
C:\Users\lubo\documents\visual studio 2010\Projects\graoLib\graoLib\Release\link.command.1.tlog
C:\Users\lubo\documents\visual studio 2010\Projects\graoLib\graoLib\Release\link.read.1.tlog
C:\Users\lubo\documents\visual studio 2010\Projects\graoLib\graoLib\Release\link.write.1.tlog
C:\Users\lubo\documents\visual studio 2010\Projects\graoLib\graoLib\Release\mt.command.1.tlog
C:\Users\lubo\documents\visual studio 2010\Projects\graoLib\graoLib\Release\mt.read.1.tlog
C:\Users\lubo\documents\visual studio 2010\Projects\graoLib\graoLib\Release\mt.write.1.tlog
C:\USERS\LUBO\DOCUMENTS\VISUAL STUDIO 2010\PROJECTS\GRAOLIB\GRAOLIB\RELEASE\STDAFX.OBJ
C:\USERS\LUBO\DOCUMENTS\VISUAL STUDIO 2010\PROJECTS\GRAOLIB\GRAOLIB\RELEASE\VC100.PDB
C:\USERS\LUBO\DOCUMENTS\VISUAL STUDIO 2010\PROJECTS\GRAOLIB\RELEASE\GRAOLIB.DLL
C:\Users\lubo\documents\visual studio 2010\Projects\graoLib\Release\graoLib.exp
C:\Users\lubo\documents\visual studio 2010\Projects\graoLib\Release\graoLib.lib
C:\USERS\LUBO\DOCUMENTS\VISUAL STUDIO 2010\PROJECTS\GRAOLIB\RELEASE\GRAOLIB.PDB
