Build started 10/31/2017 12:10:11 PM.
     1>Project "C:\Users\lubo\documents\visual studio 2010\Projects\graoLib\graoLib\graoLib.vcxproj" on node 2 (rebuild target(s)).
     1>InitializeBuildStatus:
         Creating "Debug\graoLib.unsuccessfulbuild" because "AlwaysCreate" was specified.
       ClCompile:
         C:\Program Files (x86)\Microsoft Visual Studio 10.0\VC\bin\CL.exe /c /ZI /nologo /W3 /WX- /Od /Oy- /D WIN32 /D _DEBUG /D _WINDOWS /D _USRDLL /D GRAOLIB_EXPORTS /D _WINDLL /D _UNICODE /D UNICODE /Gm /EHsc /RTC1 /MDd /GS /fp:precise /Zc:wchar_t /Zc:forScope /Yc"StdAfx.h" /Fp"Debug\graoLib.pch" /Fo"Debug\\" /Fd"Debug\vc100.pdb" /Gd /TP /analyze- /errorReport:prompt stdafx.cpp
         stdafx.cpp
         C:\Program Files (x86)\Microsoft Visual Studio 10.0\VC\bin\CL.exe /c /ZI /nologo /W3 /WX- /Od /Oy- /D WIN32 /D _DEBUG /D _WINDOWS /D _USRDLL /D GRAOLIB_EXPORTS /D _WINDLL /D _UNICODE /D UNICODE /Gm /EHsc /RTC1 /MDd /GS /fp:precise /Zc:wchar_t /Zc:forScope /Fo"Debug\\" /Fd"Debug\vc100.pdb" /Gd /TP /analyze- /errorReport:prompt dllmain.cpp
         dllmain.cpp
         C:\Program Files (x86)\Microsoft Visual Studio 10.0\VC\bin\CL.exe /c /ZI /nologo /W3 /WX- /Od /Oy- /D WIN32 /D _DEBUG /D _WINDOWS /D _USRDLL /D GRAOLIB_EXPORTS /D _WINDLL /D _UNICODE /D UNICODE /Gm /EHsc /RTC1 /MDd /GS /fp:precise /Zc:wchar_t /Zc:forScope /Yu"StdAfx.h" /Fp"Debug\graoLib.pch" /Fo"Debug\\" /Fd"Debug\vc100.pdb" /Gd /TP /analyze- /errorReport:prompt GraoImpl.cpp graoLib.cpp
         graoLib.cpp
         GraoImpl.cpp
     1>c:\users\lubo\documents\visual studio 2010\projects\graolib\graolib\graoimpl.cpp(176): warning C4996: 'freopen': This function or variable may be unsafe. Consider using freopen_s instead. To disable deprecation, use _CRT_SECURE_NO_WARNINGS. See online help for details.
                 c:\program files (x86)\microsoft visual studio 10.0\vc\include\stdio.h(249) : see declaration of 'freopen'
     1>c:\users\lubo\documents\visual studio 2010\projects\graolib\graolib\graoimpl.cpp(471): warning C4996: '_ltow': This function or variable may be unsafe. Consider using _ltow_s instead. To disable deprecation, use _CRT_SECURE_NO_WARNINGS. See online help for details.
                 c:\program files (x86)\microsoft visual studio 10.0\vc\include\stdlib.h(648) : see declaration of '_ltow'
         Generating Code...
       ManifestResourceCompile:
         C:\Program Files (x86)\Microsoft SDKs\Windows\v7.0A\bin\rc.exe /nologo /fo"Debug\graoLib.dll.embed.manifest.res" Debug\graoLib_manifest.rc 
       Link:
         C:\Program Files (x86)\Microsoft Visual Studio 10.0\VC\bin\link.exe /ERRORREPORT:PROMPT /OUT:"C:\Users\lubo\documents\visual studio 2010\Projects\graoLib\Debug\graoLib.dll" /INCREMENTAL /NOLOGO kernel32.lib user32.lib gdi32.lib winspool.lib comdlg32.lib advapi32.lib shell32.lib ole32.lib oleaut32.lib uuid.lib odbc32.lib odbccp32.lib /MANIFEST /ManifestFile:"Debug\graoLib.dll.intermediate.manifest" /MANIFESTUAC:"level='asInvoker' uiAccess='false'" /DEBUG /PDB:"C:\Users\lubo\documents\visual studio 2010\Projects\graoLib\Debug\graoLib.pdb" /SUBSYSTEM:WINDOWS /TLBID:1 /DYNAMICBASE /NXCOMPAT /IMPLIB:"C:\Users\lubo\documents\visual studio 2010\Projects\graoLib\Debug\graoLib.lib" /MACHINE:X86 /DLL Debug\graoLib.dll.embed.manifest.res
         Debug\dllmain.obj
         Debug\GraoImpl.obj
         Debug\graoLib.obj
         Debug\stdafx.obj
            Creating library C:\Users\lubo\documents\visual studio 2010\Projects\graoLib\Debug\graoLib.lib and object C:\Users\lubo\documents\visual studio 2010\Projects\graoLib\Debug\graoLib.exp
       Manifest:
         Deleting file "Debug\graoLib.dll.embed.manifest".
         C:\Program Files (x86)\Microsoft SDKs\Windows\v7.0A\bin\mt.exe /nologo /verbose /out:"Debug\graoLib.dll.embed.manifest" /manifest Debug\graoLib.dll.intermediate.manifest
         C:\Program Files (x86)\Microsoft SDKs\Windows\v7.0A\bin\rc.exe /nologo /fo"Debug\graoLib.dll.embed.manifest.res" Debug\graoLib_manifest.rc 
       LinkEmbedManifest:
         C:\Program Files (x86)\Microsoft Visual Studio 10.0\VC\bin\link.exe /ERRORREPORT:PROMPT /OUT:"C:\Users\lubo\documents\visual studio 2010\Projects\graoLib\Debug\graoLib.dll" /INCREMENTAL /NOLOGO kernel32.lib user32.lib gdi32.lib winspool.lib comdlg32.lib advapi32.lib shell32.lib ole32.lib oleaut32.lib uuid.lib odbc32.lib odbccp32.lib /MANIFEST /ManifestFile:"Debug\graoLib.dll.intermediate.manifest" /MANIFESTUAC:"level='asInvoker' uiAccess='false'" /DEBUG /PDB:"C:\Users\lubo\documents\visual studio 2010\Projects\graoLib\Debug\graoLib.pdb" /SUBSYSTEM:WINDOWS /TLBID:1 /DYNAMICBASE /NXCOMPAT /IMPLIB:"C:\Users\lubo\documents\visual studio 2010\Projects\graoLib\Debug\graoLib.lib" /MACHINE:X86 /DLL Debug\graoLib.dll.embed.manifest.res
         Debug\dllmain.obj
         Debug\GraoImpl.obj
         Debug\graoLib.obj
         Debug\stdafx.obj
            Creating library C:\Users\lubo\documents\visual studio 2010\Projects\graoLib\Debug\graoLib.lib and object C:\Users\lubo\documents\visual studio 2010\Projects\graoLib\Debug\graoLib.exp
         graoLib.vcxproj -> C:\Users\lubo\documents\visual studio 2010\Projects\graoLib\Debug\graoLib.dll
       FinalizeBuildStatus:
         Deleting file "Debug\graoLib.unsuccessfulbuild".
         Touching "Debug\graoLib.lastbuildstate".
     1>Done Building Project "C:\Users\lubo\documents\visual studio 2010\Projects\graoLib\graoLib\graoLib.vcxproj" (rebuild target(s)).

Build succeeded.

Time Elapsed 00:00:05.83
